kangsan/ShakePage/app/build/intermediates/manifest_merge_blame_file/debug/manifest-merger-blame-debug-report.txt
1<?xml version="1.0" encoding="utf-8"?>
2<manifest xmlns:android="http://schemas.android.com/apk/res/android"
3    package="com.example.shakepage"
4    android:versionCode="1"
5    android:versionName="1.0" >
6
7    <uses-sdk
7-->src\main\AndroidManifest.xml:7:5-43
8        android:minSdkVersion="22"
8-->src\main\AndroidManifest.xml:7:15-40
9        android:targetSdkVersion="31" />
9-->src\main\AndroidManifest.xml:7:5-43
10
11    <application
11-->src\main\AndroidManifest.xml:12:5-31:19
12        android:appComponentFactory="androidx.core.app.CoreComponentFactory"
12-->[androidx.core:core:1.5.0] AndroidManifest.xml:24:18-86
13        android:debuggable="true"
14        android:icon="@mipmap/ic_launcher"
14-->src\main\AndroidManifest.xml:13:9-43
15        android:label="@string/app_name"
15-->src\main\AndroidManifest.xml:14:9-41
16        android:testOnly="true" >
17        <activity
17-->src\main\AndroidManifest.xml:15:9-27:20
18            android:name="com.example.shakepage.ShakeActivity"
18-->src\main\AndroidManifest.xml:16:13-42
19            android:exported="true"
19-->src\main\AndroidManifest.xml:17:13-36
20            android:label="@string/app_name"
20-->src\main\AndroidManifest.xml:18:13-45
21            android:screenOrientation="portrait" >
21-->src\main\AndroidManifest.xml:19:13-49
22
23            <!-- 세로화면 유지를 위한 screenOrientation설정. -->
24            <intent-filter>
24-->src\main\AndroidManifest.xml:22:13-26:29
25                <action android:name="android.intent.action.MAIN" />
25-->src\main\AndroidManifest.xml:23:17-69
25-->src\main\AndroidManifest.xml:23:25-66
26
27                <category android:name="android.intent.category.LAUNCHER" />
27-->src\main\AndroidManifest.xml:25:17-77
27-->src\main\AndroidManifest.xml:25:27-74
28            </intent-filter>
29        </activity>
30        <activity
30-->src\main\AndroidManifest.xml:28:9-30:39
31            android:name="com.example.shakepage.SubActivity"
31-->src\main\AndroidManifest.xml:29:13-40
32            android:exported="true" />
32-->src\main\AndroidManifest.xml:30:13-36
33    </application>
34
35</manifest>